TN:
SF:unit_tests/index.js
FN:80,predicate
FN:102,iteratee
FNF:2
FNH:2
FNDA:9,predicate
FNDA:5,iteratee
DA:1,1
DA:2,1
DA:3,1
DA:4,1
DA:5,1
DA:6,1
DA:7,1
DA:8,1
DA:9,1
DA:10,1
DA:11,1
DA:12,1
DA:13,1
DA:14,1
DA:15,1
DA:16,1
DA:17,1
DA:18,1
DA:19,1
DA:20,1
DA:21,1
DA:22,1
DA:23,1
DA:24,1
DA:25,1
DA:26,1
DA:27,1
DA:28,1
DA:29,1
DA:30,1
DA:31,1
DA:32,1
DA:33,1
DA:34,1
DA:35,1
DA:36,1
DA:37,1
DA:38,1
DA:39,1
DA:40,1
DA:41,1
DA:42,1
DA:43,1
DA:44,1
DA:45,1
DA:46,1
DA:47,1
DA:48,1
DA:49,1
DA:50,1
DA:51,1
DA:52,1
DA:53,1
DA:54,1
DA:55,1
DA:56,1
DA:57,1
DA:58,1
DA:59,1
DA:60,1
DA:61,1
DA:62,1
DA:63,1
DA:64,1
DA:65,1
DA:66,1
DA:67,1
DA:68,1
DA:69,1
DA:70,1
DA:71,1
DA:72,1
DA:73,1
DA:74,1
DA:75,1
DA:76,1
DA:77,1
DA:78,1
DA:79,1
DA:80,1
DA:81,1
DA:82,1
DA:83,1
DA:84,1
DA:85,1
DA:86,1
DA:87,1
DA:88,1
DA:89,1
DA:90,1
DA:91,1
DA:92,1
DA:93,1
DA:94,1
DA:95,1
DA:96,1
DA:97,1
DA:98,1
DA:99,1
DA:100,1
DA:101,1
DA:102,1
DA:103,1
DA:104,1
DA:105,1
DA:106,1
DA:107,1
DA:108,1
DA:109,1
DA:110,1
DA:111,1
DA:112,1
DA:113,1
DA:114,1
DA:115,1
DA:116,1
DA:117,1
DA:118,1
DA:119,1
DA:120,1
DA:121,1
DA:122,1
DA:123,1
DA:124,1
DA:125,1
DA:126,1
DA:127,1
DA:128,1
DA:129,1
DA:130,1
DA:131,1
DA:132,1
DA:133,1
DA:134,1
DA:135,1
DA:136,1
DA:137,1
DA:138,1
DA:139,1
DA:140,1
DA:141,1
DA:142,1
DA:143,1
DA:144,1
DA:145,1
DA:146,1
DA:147,1
DA:148,1
DA:149,1
DA:150,1
DA:151,1
DA:152,1
DA:153,1
DA:154,1
DA:155,1
DA:156,1
DA:157,1
DA:158,1
DA:159,1
DA:160,1
DA:161,1
DA:162,1
DA:163,1
DA:164,1
DA:165,1
DA:166,1
DA:167,1
DA:168,1
DA:169,1
DA:170,1
DA:171,1
DA:172,1
DA:173,1
DA:174,1
DA:175,1
DA:176,1
DA:177,1
DA:178,1
DA:179,1
DA:180,1
DA:181,1
DA:182,1
DA:183,1
DA:184,1
DA:185,1
DA:186,1
DA:187,1
DA:188,1
DA:189,1
DA:190,1
DA:191,1
DA:192,1
DA:193,1
DA:194,1
DA:195,1
DA:196,1
DA:197,1
DA:198,1
DA:199,1
DA:200,1
DA:201,1
DA:202,1
DA:203,1
DA:204,1
DA:205,1
DA:206,1
DA:207,1
DA:208,1
DA:209,1
DA:210,1
DA:211,1
DA:212,1
DA:213,1
DA:214,1
DA:215,1
DA:216,1
DA:217,1
DA:218,1
DA:219,1
DA:220,1
DA:221,1
DA:222,1
DA:223,1
DA:224,1
DA:225,1
DA:226,1
DA:227,1
DA:228,1
DA:229,1
DA:230,1
DA:231,1
DA:232,1
DA:233,1
DA:234,1
DA:235,1
DA:236,1
DA:237,1
DA:238,1
DA:239,1
DA:240,1
DA:241,1
DA:242,1
DA:243,1
DA:244,1
DA:245,1
DA:246,1
DA:247,1
DA:248,1
DA:249,1
DA:250,1
DA:251,1
DA:252,1
DA:253,1
DA:254,1
DA:255,1
DA:256,1
DA:257,1
DA:258,1
DA:259,1
DA:260,1
DA:261,1
DA:262,1
DA:263,1
DA:264,1
DA:265,1
DA:266,1
DA:267,1
DA:268,1
DA:269,1
DA:270,1
DA:271,1
DA:272,1
DA:273,1
DA:274,1
LF:274
LH:274
BRDA:1,0,0,1
BRDA:14,1,0,1
BRDA:15,2,0,1
BRDA:19,3,0,1
BRDA:23,4,0,1
BRDA:27,5,0,1
BRDA:31,6,0,1
BRDA:36,7,0,1
BRDA:37,8,0,1
BRDA:38,9,0,1
BRDA:43,10,0,1
BRDA:44,11,0,1
BRDA:50,12,0,1
BRDA:51,13,0,1
BRDA:55,14,0,1
BRDA:59,15,0,1
BRDA:63,16,0,1
BRDA:67,17,0,1
BRDA:71,18,0,1
BRDA:77,19,0,1
BRDA:78,20,0,1
BRDA:80,21,0,9
BRDA:88,22,0,1
BRDA:90,23,0,1
BRDA:96,24,0,3
BRDA:100,25,0,1
BRDA:102,26,0,5
BRDA:102,27,0,2
BRDA:102,28,0,3
BRDA:111,29,0,1
BRDA:112,30,0,1
BRDA:113,31,0,1
BRDA:117,32,0,1
BRDA:118,33,0,1
BRDA:122,34,0,1
BRDA:123,35,0,1
BRDA:127,36,0,1
BRDA:128,37,0,1
BRDA:132,38,0,1
BRDA:133,39,0,1
BRDA:137,40,0,1
BRDA:138,41,0,1
BRDA:144,42,0,1
BRDA:145,43,0,1
BRDA:146,44,0,1
BRDA:150,45,0,1
BRDA:151,46,0,1
BRDA:155,47,0,1
BRDA:156,48,0,1
BRDA:160,49,0,1
BRDA:161,50,0,1
BRDA:165,51,0,1
BRDA:166,52,0,1
BRDA:172,53,0,1
BRDA:173,54,0,1
BRDA:174,55,0,1
BRDA:178,56,0,1
BRDA:179,57,0,1
BRDA:183,58,0,1
BRDA:184,59,0,1
BRDA:188,60,0,1
BRDA:189,61,0,1
BRDA:193,62,0,1
BRDA:194,63,0,1
BRDA:200,64,0,1
BRDA:201,65,0,1
BRDA:202,66,0,1
BRDA:206,67,0,1
BRDA:207,68,0,1
BRDA:211,69,0,1
BRDA:212,70,0,1
BRDA:216,71,0,1
BRDA:217,72,0,1
BRDA:221,73,0,1
BRDA:222,74,0,1
BRDA:226,75,0,1
BRDA:227,76,0,1
BRDA:233,77,0,1
BRDA:234,78,0,1
BRDA:235,79,0,1
BRDA:239,80,0,1
BRDA:240,81,0,1
BRDA:244,82,0,1
BRDA:245,83,0,1
BRDA:249,84,0,1
BRDA:250,85,0,1
BRDA:254,86,0,1
BRDA:255,87,0,1
BRDA:259,88,0,1
BRDA:260,89,0,1
BRDA:264,90,0,1
BRDA:265,91,0,1
BRDA:269,92,0,1
BRDA:270,93,0,1
BRF:94
BRH:94
end_of_record
